<?xml version="1.0"?>
<!DOCTYPE coverage SYSTEM "http://cobertura.sourceforge.net/xml/coverage-04.dtd">

<coverage line-rate="0.1897018970189702" branch-rate="0.15967523680649526" lines-covered="350" lines-valid="1845" branches-covered="118" branches-valid="739" complexity="1.892638036809816" version="2.1.1" timestamp="1589443592323">
	<sources>
		<source>/home/travis/build/qbicsoftware/data-model-lib/target/generated-sources/annotations</source>
		<source>--source</source>
		<source>/home/travis/build/qbicsoftware/data-model-lib/src/main/groovy</source>
		<source>/home/travis/build/qbicsoftware/data-model-lib/src/main/java</source>
	</sources>
	<packages>
		<package name="life.qbic.datamodel" line-rate="0.0" branch-rate="1.0" complexity="0.0">
			<classes>
				<class name="life.qbic.datamodel.Constants" filename="life/qbic/datamodel/Constants.groovy" line-rate="0.0" branch-rate="1.0" complexity="0.0">
					<methods>
						<method name="&lt;init&gt;" signature="()V" line-rate="0.0" branch-rate="1.0" complexity="0">
							<lines>
								<line number="7" hits="0" branch="false"/>
							</lines>
						</method>
					</methods>
					<lines>
						<line number="7" hits="0" branch="false"/>
					</lines>
				</class>
				<class name="life.qbic.datamodel.QbicPropertyType" filename="life/qbic/datamodel/QbicPropertyType.java" line-rate="0.0" branch-rate="1.0" complexity="0.0">
					<methods>
						<method name="&lt;clinit&gt;" signature="()V" line-rate="0.0" branch-rate="1.0" complexity="0">
							<lines>
								<line number="3" hits="0" branch="false"/>
								<line number="5" hits="0" branch="false"/>
							</lines>
						</method>
						<method name="&lt;init&gt;" signature="(Ljava/lang/String;I)V" line-rate="1.0" branch-rate="1.0" complexity="0">
							<lines>
							</lines>
						</method>
						<method name="valueOf" signature="(Ljava/lang/String;)Llife/qbic/datamodel/QbicPropertyType;" line-rate="1.0" branch-rate="1.0" complexity="0">
							<lines>
							</lines>
						</method>
						<method name="values" signature="()[Llife/qbic/datamodel/QbicPropertyType;" line-rate="1.0" branch-rate="1.0" complexity="0">
							<lines>
							</lines>
						</method>
					</methods>
					<lines>
						<line number="3" hits="0" branch="false"/>
						<line number="5" hits="0" branch="false"/>
					</lines>
				</class>
				<class name="life.qbic.datamodel.RegExHelper" filename="life/qbic/datamodel/RegExHelper.java" line-rate="0.0" branch-rate="1.0" complexity="0.0">
					<methods>
						<method name="&lt;init&gt;" signature="()V" line-rate="0.0" branch-rate="1.0" complexity="0">
							<lines>
								<line number="20" hits="0" branch="false"/>
							</lines>
						</method>
					</methods>
					<lines>
						<line number="20" hits="0" branch="false"/>
					</lines>
				</class>
			</classes>
		</package>
		<package name="life.qbic.datamodel.attachments" line-rate="0.0" branch-rate="1.0" complexity="1.0769230769230769">
			<classes>
				<class name="life.qbic.datamodel.attachments.AttachmentConfig" filename="life/qbic/datamodel/attachments/AttachmentConfig.java" line-rate="0.0" branch-rate="1.0" complexity="1.0">
					<methods>
						<method name="&lt;init&gt;" signature="(ILjava/lang/String;Ljava/lang/String;Ljava/lang/String;)V" line-rate="0.0" branch-rate="1.0" complexity="0">
							<lines>
								<line number="11" hits="0" branch="false"/>
								<line number="12" hits="0" branch="false"/>
								<line number="13" hits="0" branch="false"/>
								<line number="14" hits="0" branch="false"/>
								<line number="15" hits="0" branch="false"/>
								<line number="16" hits="0" branch="false"/>
							</lines>
						</method>
						<method name="getMaxSize" signature="()I" line-rate="0.0" branch-rate="1.0" complexity="0">
							<lines>
								<line number="19" hits="0" branch="false"/>
							</lines>
						</method>
						<method name="getPass" signature="()Ljava/lang/String;" line-rate="0.0" branch-rate="1.0" complexity="0">
							<lines>
								<line number="31" hits="0" branch="false"/>
							</lines>
						</method>
						<method name="getUri" signature="()Ljava/lang/String;" line-rate="0.0" branch-rate="1.0" complexity="0">
							<lines>
								<line number="23" hits="0" branch="false"/>
							</lines>
						</method>
						<method name="getUser" signature="()Ljava/lang/String;" line-rate="0.0" branch-rate="1.0" complexity="0">
							<lines>
								<line number="27" hits="0" branch="false"/>
							</lines>
						</method>
					</methods>
					<lines>
						<line number="11" hits="0" branch="false"/>
						<line number="12" hits="0" branch="false"/>
						<line number="13" hits="0" branch="false"/>
						<line number="14" hits="0" branch="false"/>
						<line number="15" hits="0" branch="false"/>
						<line number="16" hits="0" branch="false"/>
						<line number="19" hits="0" branch="false"/>
						<line number="23" hits="0" branch="false"/>
						<line number="27" hits="0" branch="false"/>
						<line number="31" hits="0" branch="false"/>
					</lines>
				</class>
				<class name="life.qbic.datamodel.attachments.AttachmentInformation" filename="life/qbic/datamodel/attachments/AttachmentInformation.java" line-rate="0.0" branch-rate="1.0" complexity="1.125">
					<methods>
						<method name="&lt;init&gt;" signature="(Ljava/lang/String;Ljava/lang/String;Ljava/lang/String;Ljava/lang/String;Ljava/lang/String;Ljava/lang/String;)V" line-rate="0.0" branch-rate="1.0" complexity="0">
							<lines>
								<line number="16" hits="0" branch="false"/>
								<line number="17" hits="0" branch="false"/>
								<line number="18" hits="0" branch="false"/>
								<line number="19" hits="0" branch="false"/>
								<line number="20" hits="0" branch="false"/>
								<line number="21" hits="0" branch="false"/>
								<line number="22" hits="0" branch="false"/>
								<line number="23" hits="0" branch="false"/>
							</lines>
						</method>
						<method name="getBarcode" signature="()Ljava/lang/String;" line-rate="0.0" branch-rate="1.0" complexity="0">
							<lines>
								<line number="42" hits="0" branch="false"/>
							</lines>
						</method>
						<method name="getFileName" signature="()Ljava/lang/String;" line-rate="0.0" branch-rate="1.0" complexity="0">
							<lines>
								<line number="82" hits="0" branch="false"/>
								<line number="84" hits="0" branch="false"/>
								<line number="85" hits="0" branch="false"/>
								<line number="86" hits="0" branch="false"/>
								<line number="87" hits="0" branch="false"/>
								<line number="88" hits="0" branch="false"/>
							</lines>
						</method>
						<method name="getFolder" signature="()Ljava/lang/String;" line-rate="0.0" branch-rate="1.0" complexity="0">
							<lines>
								<line number="77" hits="0" branch="false"/>
							</lines>
						</method>
						<method name="getInfo" signature="()Ljava/lang/String;" line-rate="0.0" branch-rate="1.0" complexity="0">
							<lines>
								<line number="34" hits="0" branch="false"/>
							</lines>
						</method>
						<method name="getName" signature="()Ljava/lang/String;" line-rate="0.0" branch-rate="1.0" complexity="0">
							<lines>
								<line number="26" hits="0" branch="false"/>
							</lines>
						</method>
						<method name="getType" signature="()Ljava/lang/String;" line-rate="0.0" branch-rate="1.0" complexity="0">
							<lines>
								<line number="30" hits="0" branch="false"/>
							</lines>
						</method>
						<method name="getUser" signature="()Ljava/lang/String;" line-rate="0.0" branch-rate="1.0" complexity="0">
							<lines>
								<line number="38" hits="0" branch="false"/>
							</lines>
						</method>
					</methods>
					<lines>
						<line number="16" hits="0" branch="false"/>
						<line number="17" hits="0" branch="false"/>
						<line number="18" hits="0" branch="false"/>
						<line number="19" hits="0" branch="false"/>
						<line number="20" hits="0" branch="false"/>
						<line number="21" hits="0" branch="false"/>
						<line number="22" hits="0" branch="false"/>
						<line number="23" hits="0" branch="false"/>
						<line number="26" hits="0" branch="false"/>
						<line number="30" hits="0" branch="false"/>
						<line number="34" hits="0" branch="false"/>
						<line number="38" hits="0" branch="false"/>
						<line number="42" hits="0" branch="false"/>
						<line number="77" hits="0" branch="false"/>
						<line number="82" hits="0" branch="false"/>
						<line number="84" hits="0" branch="false"/>
						<line number="85" hits="0" branch="false"/>
						<line number="86" hits="0" branch="false"/>
						<line number="87" hits="0" branch="false"/>
						<line number="88" hits="0" branch="false"/>
					</lines>
				</class>
			</classes>
		</package>
		<package name="life.qbic.datamodel.datasets" line-rate="0.7543859649122807" branch-rate="0.6666666666666666" complexity="0.0">
			<classes>
				<class name="life.qbic.datamodel.datasets.Experiment" filename="life/qbic/datamodel/datasets/Experiment.groovy" line-rate="1.0" branch-rate="1.0" complexity="0.0">
					<methods>
					</methods>
					<lines>
					</lines>
				</class>
				<class name="life.qbic.datamodel.datasets.OxfordNanoporeExperiment" filename="life/qbic/datamodel/datasets/OxfordNanoporeExperiment.groovy" line-rate="0.8172043010752689" branch-rate="0.6428571428571429" complexity="0.0">
					<methods>
						<method name="&lt;clinit&gt;" signature="()V" line-rate="1.0" branch-rate="1.0" complexity="0">
							<lines>
								<line number="26" hits="1" branch="false"/>
								<line number="27" hits="1" branch="false"/>
								<line number="28" hits="1" branch="false"/>
								<line number="29" hits="1" branch="false"/>
								<line number="30" hits="1" branch="false"/>
								<line number="31" hits="1" branch="false"/>
								<line number="32" hits="1" branch="false"/>
								<line number="33" hits="1" branch="false"/>
								<line number="34" hits="1" branch="false"/>
								<line number="35" hits="1" branch="false"/>
								<line number="36" hits="1" branch="false"/>
								<line number="37" hits="1" branch="false"/>
								<line number="40" hits="1" branch="false"/>
								<line number="41" hits="1" branch="false"/>
								<line number="42" hits="1" branch="false"/>
								<line number="43" hits="1" branch="false"/>
								<line number="44" hits="1" branch="false"/>
								<line number="45" hits="1" branch="false"/>
								<line number="46" hits="1" branch="false"/>
							</lines>
						</method>
						<method name="&lt;init&gt;" signature="(Ljava/lang/String;Ljava/util/List;)V" line-rate="1.0" branch-rate="1.0" complexity="0">
							<lines>
								<line number="50" hits="1" branch="false"/>
								<line number="51" hits="1" branch="false"/>
								<line number="52" hits="1" branch="false"/>
							</lines>
						</method>
						<method name="create" signature="(Ljava/util/Map;)Llife/qbic/datamodel/datasets/OxfordNanoporeExperiment;" line-rate="0.75" branch-rate="1.0" complexity="0">
							<lines>
								<line number="61" hits="1" branch="false"/>
								<line number="62" hits="1" branch="false"/>
								<line number="63" hits="1" branch="false"/>
								<line number="64" hits="0" branch="false"/>
							</lines>
						</method>
						<method name="determineMethod" signature="(Ljava/lang/Class;)Ljava/lang/reflect/Method;" line-rate="0.8571428571428571" branch-rate="1.0" complexity="0">
							<lines>
								<line number="228" hits="18" branch="false"/>
								<line number="231" hits="18" branch="false"/>
								<line number="232" hits="8" branch="false"/>
								<line number="234" hits="10" branch="false"/>
								<line number="235" hits="10" branch="false"/>
								<line number="236" hits="18" branch="false"/>
								<line number="237" hits="0" branch="false"/>
							</lines>
						</method>
						<method name="getMeasurements" signature="()Ljava/util/List;" line-rate="0.5" branch-rate="1.0" complexity="0">
							<lines>
								<line number="71" hits="1" branch="false"/>
								<line number="72" hits="0" branch="false"/>
							</lines>
						</method>
						<method name="getSampleId" signature="()Ljava/lang/String;" line-rate="0.5" branch-rate="1.0" complexity="0">
							<lines>
								<line number="76" hits="1" branch="false"/>
								<line number="77" hits="0" branch="false"/>
							</lines>
						</method>
						<method name="parseChildren" signature="(Ljava/util/List;)Ljava/util/List;" line-rate="0.75" branch-rate="1.0" complexity="0">
							<lines>
								<line number="207" hits="4" branch="false"/>
								<line number="208" hits="4" branch="false"/>
								<line number="220" hits="4" branch="false"/>
								<line number="221" hits="0" branch="false"/>
							</lines>
						</method>
						<method name="parseFile" signature="(Ljava/util/Map;)Llife/qbic/datamodel/datasets/datastructure/files/DataFile;" line-rate="0.8333333333333334" branch-rate="1.0" complexity="0">
							<lines>
								<line number="135" hits="32" branch="false"/>
								<line number="136" hits="32" branch="false"/>
								<line number="137" hits="32" branch="true" condition-coverage="100% (2/2)">
									<conditions>
										<condition number="0" type="jump" coverage="100%"/>
									</conditions>
								</line>
								<line number="138" hits="178" branch="false"/>
								<line number="139" hits="178" branch="false"/>
								<line number="141" hits="178" branch="false"/>
								<line number="142" hits="28" branch="false"/>
								<line number="143" hits="0" branch="false"/>
								<line number="146" hits="150" branch="false"/>
								<line number="147" hits="150" branch="false"/>
								<line number="149" hits="4" branch="false"/>
								<line number="150" hits="0" branch="false"/>
							</lines>
						</method>
						<method name="parseFolder" signature="(Ljava/util/Map;)Llife/qbic/datamodel/datasets/datastructure/folders/DataFolder;" line-rate="0.8181818181818182" branch-rate="0.75" complexity="0">
							<lines>
								<line number="157" hits="4" branch="false"/>
								<line number="158" hits="4" branch="false"/>
								<line number="159" hits="4" branch="false"/>
								<line number="161" hits="4" branch="true" condition-coverage="50% (1/2)">
									<conditions>
										<condition number="0" type="jump" coverage="50%"/>
									</conditions>
								</line>
								<line number="162" hits="18" branch="false"/>
								<line number="163" hits="18" branch="false"/>
								<line number="164" hits="18" branch="true" condition-coverage="100% (2/2)">
									<conditions>
										<condition number="0" type="jump" coverage="100%"/>
									</conditions>
								</line>
								<line number="165" hits="4" branch="false"/>
								<line number="167" hits="14" branch="false"/>
								<line number="168" hits="0" branch="false"/>
								<line number="169" hits="0" branch="false"/>
							</lines>
						</method>
						<method name="parseMeasurementItems" signature="(Ljava/util/List;)Ljava/util/List;" line-rate="0.75" branch-rate="1.0" complexity="0">
							<lines>
								<line number="115" hits="1" branch="false"/>
								<line number="116" hits="1" branch="false"/>
								<line number="127" hits="1" branch="false"/>
								<line number="128" hits="0" branch="false"/>
							</lines>
						</method>
						<method name="parseMeasurements" signature="(Ljava/util/Map;)Ljava/util/List;" line-rate="0.8" branch-rate="1.0" complexity="0">
							<lines>
								<line number="98" hits="1" branch="false"/>
								<line number="99" hits="1" branch="false"/>
								<line number="100" hits="1" branch="false"/>
								<line number="107" hits="1" branch="false"/>
								<line number="108" hits="0" branch="false"/>
							</lines>
						</method>
						<method name="parseQbicIdFromRootFolder" signature="(Ljava/util/Map;)Ljava/lang/String;" line-rate="0.625" branch-rate="0.5" complexity="0">
							<lines>
								<line number="83" hits="1" branch="false"/>
								<line number="84" hits="1" branch="false"/>
								<line number="85" hits="1" branch="true" condition-coverage="50% (1/2)">
									<conditions>
										<condition number="0" type="jump" coverage="50%"/>
									</conditions>
								</line>
								<line number="86" hits="0" branch="false"/>
								<line number="88" hits="1" branch="true" condition-coverage="50% (1/2)">
									<conditions>
										<condition number="0" type="jump" coverage="50%"/>
									</conditions>
								</line>
								<line number="89" hits="0" branch="false"/>
								<line number="91" hits="1" branch="false"/>
								<line number="92" hits="0" branch="false"/>
							</lines>
						</method>
						<method name="tryToCreateDataFolder" signature="(Ljava/lang/reflect/Method;Ljava/lang/String;Ljava/lang/String;Ljava/util/List;)Ljava/util/Optional;" line-rate="0.75" branch-rate="0.5" complexity="0">
							<lines>
								<line number="183" hits="18" branch="false"/>
								<line number="186" hits="18" branch="false"/>
								<line number="187" hits="4" branch="false"/>
								<line number="188" hits="4" branch="false"/>
								<line number="190" hits="14" branch="true" condition-coverage="50% (2/4)">
									<conditions>
										<condition number="0" type="jump" coverage="50%"/>
										<condition number="1" type="jump" coverage="50%"/>
									</conditions>
								</line>
								<line number="193" hits="8" branch="false"/>
								<line number="194" hits="0" branch="false"/>
								<line number="195" hits="0" branch="false"/>
								<line number="197" hits="8" branch="false"/>
								<line number="198" hits="8" branch="false"/>
								<line number="199" hits="18" branch="false"/>
								<line number="200" hits="0" branch="false"/>
							</lines>
						</method>
					</methods>
					<lines>
						<line number="26" hits="1" branch="false"/>
						<line number="27" hits="1" branch="false"/>
						<line number="28" hits="1" branch="false"/>
						<line number="29" hits="1" branch="false"/>
						<line number="30" hits="1" branch="false"/>
						<line number="31" hits="1" branch="false"/>
						<line number="32" hits="1" branch="false"/>
						<line number="33" hits="1" branch="false"/>
						<line number="34" hits="1" branch="false"/>
						<line number="35" hits="1" branch="false"/>
						<line number="36" hits="1" branch="false"/>
						<line number="37" hits="1" branch="false"/>
						<line number="40" hits="1" branch="false"/>
						<line number="41" hits="1" branch="false"/>
						<line number="42" hits="1" branch="false"/>
						<line number="43" hits="1" branch="false"/>
						<line number="44" hits="1" branch="false"/>
						<line number="45" hits="1" branch="false"/>
						<line number="46" hits="1" branch="false"/>
						<line number="50" hits="1" branch="false"/>
						<line number="51" hits="1" branch="false"/>
						<line number="52" hits="1" branch="false"/>
						<line number="61" hits="1" branch="false"/>
						<line number="62" hits="1" branch="false"/>
						<line number="63" hits="1" branch="false"/>
						<line number="64" hits="0" branch="false"/>
						<line number="71" hits="1" branch="false"/>
						<line number="72" hits="0" branch="false"/>
						<line number="76" hits="1" branch="false"/>
						<line number="77" hits="0" branch="false"/>
						<line number="83" hits="1" branch="false"/>
						<line number="84" hits="1" branch="false"/>
						<line number="85" hits="1" branch="true" condition-coverage="50% (1/2)">
							<conditions>
								<condition number="0" type="jump" coverage="50%"/>
							</conditions>
						</line>
						<line number="86" hits="0" branch="false"/>
						<line number="88" hits="1" branch="true" condition-coverage="50% (1/2)">
							<conditions>
								<condition number="0" type="jump" coverage="50%"/>
							</conditions>
						</line>
						<line number="89" hits="0" branch="false"/>
						<line number="91" hits="1" branch="false"/>
						<line number="92" hits="0" branch="false"/>
						<line number="98" hits="1" branch="false"/>
						<line number="99" hits="1" branch="false"/>
						<line number="100" hits="1" branch="false"/>
						<line number="107" hits="1" branch="false"/>
						<line number="108" hits="0" branch="false"/>
						<line number="115" hits="1" branch="false"/>
						<line number="116" hits="1" branch="false"/>
						<line number="127" hits="1" branch="false"/>
						<line number="128" hits="0" branch="false"/>
						<line number="135" hits="32" branch="false"/>
						<line number="136" hits="32" branch="false"/>
						<line number="137" hits="32" branch="true" condition-coverage="100% (2/2)">
							<conditions>
								<condition number="0" type="jump" coverage="100%"/>
							</conditions>
						</line>
						<line number="138" hits="178" branch="false"/>
						<line number="139" hits="178" branch="false"/>
						<line number="141" hits="178" branch="false"/>
						<line number="142" hits="28" branch="false"/>
						<line number="143" hits="0" branch="false"/>
						<line number="146" hits="150" branch="false"/>
						<line number="147" hits="150" branch="false"/>
						<line number="149" hits="4" branch="false"/>
						<line number="150" hits="0" branch="false"/>
						<line number="157" hits="4" branch="false"/>
						<line number="158" hits="4" branch="false"/>
						<line number="159" hits="4" branch="false"/>
						<line number="161" hits="4" branch="true" condition-coverage="50% (1/2)">
							<conditions>
								<condition number="0" type="jump" coverage="50%"/>
							</conditions>
						</line>
						<line number="162" hits="18" branch="false"/>
						<line number="163" hits="18" branch="false"/>
						<line number="164" hits="18" branch="true" condition-coverage="100% (2/2)">
							<conditions>
								<condition number="0" type="jump" coverage="100%"/>
							</conditions>
						</line>
						<line number="165" hits="4" branch="false"/>
						<line number="167" hits="14" branch="false"/>
						<line number="168" hits="0" branch="false"/>
						<line number="169" hits="0" branch="false"/>
						<line number="183" hits="18" branch="false"/>
						<line number="186" hits="18" branch="false"/>
						<line number="187" hits="4" branch="false"/>
						<line number="188" hits="4" branch="false"/>
						<line number="190" hits="14" branch="true" condition-coverage="50% (2/4)">
							<conditions>
								<condition number="0" type="jump" coverage="50%"/>
								<condition number="1" type="jump" coverage="50%"/>
							</conditions>
						</line>
						<line number="193" hits="8" branch="false"/>
						<line number="194" hits="0" branch="false"/>
						<line number="195" hits="0" branch="false"/>
						<line number="197" hits="8" branch="false"/>
						<line number="198" hits="8" branch="false"/>
						<line number="199" hits="18" branch="false"/>
						<line number="200" hits="0" branch="false"/>
						<line number="207" hits="4" branch="false"/>
						<line number="208" hits="4" branch="false"/>
						<line number="220" hits="4" branch="false"/>
						<line number="221" hits="0" branch="false"/>
						<line number="228" hits="18" branch="false"/>
						<line number="231" hits="18" branch="false"/>
						<line number="232" hits="8" branch="false"/>
						<line number="234" hits="10" branch="false"/>
						<line number="235" hits="10" branch="false"/>
						<line number="236" hits="18" branch="false"/>
						<line number="237" hits="0" branch="false"/>
					</lines>
				</class>
				<class name="life.qbic.datamodel.datasets.OxfordNanoporeExperiment$_parseChildren_closure3" filename="life/qbic/datamodel/datasets/OxfordNanoporeExperiment.groovy" line-rate="0.3333333333333333" branch-rate="1.0" complexity="0.0">
					<methods>
						<method name="doCall" signature="(Ljava/util/Map;)Ljava/lang/Object;" line-rate="0.3333333333333333" branch-rate="1.0" complexity="0">
							<lines>
								<line number="210" hits="20" branch="false"/>
								<line number="211" hits="20" branch="false"/>
								<line number="212" hits="0" branch="false"/>
								<line number="216" hits="0" branch="false"/>
								<line number="217" hits="0" branch="false"/>
								<line number="218" hits="0" branch="false"/>
							</lines>
						</method>
					</methods>
					<lines>
						<line number="210" hits="20" branch="false"/>
						<line number="211" hits="20" branch="false"/>
						<line number="212" hits="0" branch="false"/>
						<line number="216" hits="0" branch="false"/>
						<line number="217" hits="0" branch="false"/>
						<line number="218" hits="0" branch="false"/>
					</lines>
				</class>
				<class name="life.qbic.datamodel.datasets.OxfordNanoporeExperiment$_parseMeasurementItems_closure2" filename="life/qbic/datamodel/datasets/OxfordNanoporeExperiment.groovy" line-rate="0.6666666666666666" branch-rate="1.0" complexity="0.0">
					<methods>
						<method name="doCall" signature="(Ljava/lang/Object;)Ljava/lang/Object;" line-rate="0.6666666666666666" branch-rate="1.0" complexity="0">
							<lines>
								<line number="119" hits="12" branch="false"/>
								<line number="120" hits="8" branch="false"/>
								<line number="121" hits="0" branch="false"/>
								<line number="123" hits="4" branch="false"/>
								<line number="124" hits="4" branch="false"/>
								<line number="125" hits="0" branch="false"/>
							</lines>
						</method>
					</methods>
					<lines>
						<line number="119" hits="12" branch="false"/>
						<line number="120" hits="8" branch="false"/>
						<line number="121" hits="0" branch="false"/>
						<line number="123" hits="4" branch="false"/>
						<line number="124" hits="4" branch="false"/>
						<line number="125" hits="0" branch="false"/>
					</lines>
				</class>
				<class name="life.qbic.datamodel.datasets.OxfordNanoporeExperiment$_parseMeasurements_closure1" filename="life/qbic/datamodel/datasets/OxfordNanoporeExperiment.groovy" line-rate="1.0" branch-rate="1.0" complexity="0.0">
					<methods>
						<method name="doCall" signature="(Ljava/util/Map;)Ljava/lang/Object;" line-rate="1.0" branch-rate="1.0" complexity="0">
							<lines>
								<line number="101" hits="1" branch="false"/>
								<line number="102" hits="1" branch="false"/>
								<line number="103" hits="1" branch="false"/>
								<line number="104" hits="1" branch="false"/>
								<line number="105" hits="1" branch="false"/>
							</lines>
						</method>
					</methods>
					<lines>
						<line number="101" hits="1" branch="false"/>
						<line number="102" hits="1" branch="false"/>
						<line number="103" hits="1" branch="false"/>
						<line number="104" hits="1" branch="false"/>
						<line number="105" hits="1" branch="false"/>
					</lines>
				</class>
				<class name="life.qbic.datamodel.datasets.OxfordNanoporeMeasurement" filename="life/qbic/datamodel/datasets/OxfordNanoporeMeasurement.groovy" line-rate="0.6705882352941176" branch-rate="0.6666666666666666" complexity="0.0">
					<methods>
						<method name="&lt;init&gt;" signature="(Ljava/lang/String;Ljava/lang/String;Ljava/util/List;Ljava/util/Map;)V" line-rate="1.0" branch-rate="0.5" complexity="0">
							<lines>
								<line number="48" hits="4" branch="false"/>
								<line number="49" hits="4" branch="false"/>
								<line number="50" hits="4" branch="false"/>
								<line number="52" hits="4" branch="false"/>
								<line number="54" hits="4" branch="false"/>
								<line number="55" hits="3" branch="false"/>
								<line number="56" hits="6" branch="true" condition-coverage="50% (1/2)">
									<conditions>
										<condition number="0" type="jump" coverage="50%"/>
									</conditions>
								</line>
								<line number="57" hits="6" branch="true" condition-coverage="50% (1/2)">
									<conditions>
										<condition number="0" type="jump" coverage="50%"/>
									</conditions>
								</line>
								<line number="58" hits="3" branch="false"/>
							</lines>
						</method>
						<method name="assessPooledStatus" signature="()V" line-rate="1.0" branch-rate="0.75" complexity="0">
							<lines>
								<line number="75" hits="3" branch="true" condition-coverage="50% (1/2)">
									<conditions>
										<condition number="0" type="jump" coverage="50%"/>
									</conditions>
								</line>
								<line number="78" hits="3" branch="true" condition-coverage="100% (4/4)">
									<conditions>
										<condition number="0" type="jump" coverage="100%"/>
										<condition number="1" type="jump" coverage="100%"/>
									</conditions>
								</line>
								<line number="79" hits="2" branch="true" condition-coverage="50% (1/2)">
									<conditions>
										<condition number="0" type="jump" coverage="50%"/>
									</conditions>
								</line>
								<line number="81" hits="3" branch="false"/>
							</lines>
						</method>
						<method name="create" signature="(Ljava/lang/String;Ljava/lang/String;Ljava/util/List;Ljava/util/Map;)Llife/qbic/datamodel/datasets/OxfordNanoporeMeasurement;" line-rate="0.5" branch-rate="1.0" complexity="0">
							<lines>
								<line number="61" hits="3" branch="false"/>
								<line number="62" hits="0" branch="false"/>
							</lines>
						</method>
						<method name="createContent" signature="()V" line-rate="1.0" branch-rate="1.0" complexity="0">
							<lines>
								<line number="109" hits="3" branch="false"/>
								<line number="127" hits="3" branch="false"/>
							</lines>
						</method>
						<method name="extractLibraryKit" signature="(Ljava/lang/String;)Ljava/lang/String;" line-rate="0.8" branch-rate="0.75" complexity="0">
							<lines>
								<line number="96" hits="3" branch="false"/>
								<line number="97" hits="3" branch="false"/>
								<line number="98" hits="3" branch="false"/>
								<line number="99" hits="6" branch="true" condition-coverage="100% (2/2)">
									<conditions>
										<condition number="0" type="jump" coverage="100%"/>
									</conditions>
								</line>
								<line number="100" hits="3" branch="false"/>
								<line number="101" hits="3" branch="false"/>
								<line number="102" hits="3" branch="true" condition-coverage="50% (1/2)">
									<conditions>
										<condition number="0" type="jump" coverage="50%"/>
									</conditions>
								</line>
								<line number="103" hits="0" branch="false"/>
								<line number="105" hits="3" branch="false"/>
								<line number="106" hits="0" branch="false"/>
							</lines>
						</method>
						<method name="getAsicTemp" signature="()Ljava/lang/String;" line-rate="0.0" branch-rate="1.0" complexity="0">
							<lines>
								<line number="157" hits="0" branch="false"/>
								<line number="158" hits="0" branch="false"/>
							</lines>
						</method>
						<method name="getDeviceType" signature="()Ljava/lang/String;" line-rate="0.0" branch-rate="1.0" complexity="0">
							<lines>
								<line number="165" hits="0" branch="false"/>
								<line number="166" hits="0" branch="false"/>
							</lines>
						</method>
						<method name="getFlowCellPosition" signature="()Ljava/lang/String;" line-rate="0.0" branch-rate="1.0" complexity="0">
							<lines>
								<line number="181" hits="0" branch="false"/>
								<line number="182" hits="0" branch="false"/>
							</lines>
						</method>
						<method name="getFlowCellType" signature="()Ljava/lang/String;" line-rate="0.0" branch-rate="1.0" complexity="0">
							<lines>
								<line number="189" hits="0" branch="false"/>
								<line number="190" hits="0" branch="false"/>
							</lines>
						</method>
						<method name="getFlowcellId" signature="()Ljava/lang/String;" line-rate="0.0" branch-rate="1.0" complexity="0">
							<lines>
								<line number="173" hits="0" branch="false"/>
								<line number="174" hits="0" branch="false"/>
							</lines>
						</method>
						<method name="getGuppyVersion" signature="()Ljava/lang/String;" line-rate="0.0" branch-rate="1.0" complexity="0">
							<lines>
								<line number="197" hits="0" branch="false"/>
								<line number="198" hits="0" branch="false"/>
							</lines>
						</method>
						<method name="getLibraryPreparationKit" signature="()Ljava/lang/String;" line-rate="0.5" branch-rate="1.0" complexity="0">
							<lines>
								<line number="205" hits="1" branch="false"/>
								<line number="206" hits="0" branch="false"/>
							</lines>
						</method>
						<method name="getLogFiles" signature="()Ljava/util/List;" line-rate="0.5" branch-rate="1.0" complexity="0">
							<lines>
								<line number="260" hits="8" branch="false"/>
								<line number="261" hits="0" branch="false"/>
							</lines>
						</method>
						<method name="getMachineHost" signature="()Ljava/lang/String;" line-rate="0.0" branch-rate="1.0" complexity="0">
							<lines>
								<line number="213" hits="0" branch="false"/>
								<line number="214" hits="0" branch="false"/>
							</lines>
						</method>
						<method name="getRawDataPerSample" signature="(Llife/qbic/datamodel/datasets/Experiment;)Ljava/util/Map;" line-rate="0.6666666666666666" branch-rate="0.6666666666666666" complexity="0">
							<lines>
								<line number="144" hits="2" branch="true" condition-coverage="50% (2/4)">
									<conditions>
										<condition number="0" type="jump" coverage="50%"/>
										<condition number="1" type="jump" coverage="50%"/>
									</conditions>
								</line>
								<line number="145" hits="2" branch="true" condition-coverage="100% (2/2)">
									<conditions>
										<condition number="0" type="jump" coverage="100%"/>
									</conditions>
								</line>
								<line number="146" hits="1" branch="false"/>
								<line number="147" hits="0" branch="false"/>
								<line number="148" hits="1" branch="false"/>
								<line number="150" hits="0" branch="false"/>
							</lines>
						</method>
						<method name="getRelativePath" signature="()Ljava/lang/String;" line-rate="0.0" branch-rate="1.0" complexity="0">
							<lines>
								<line number="281" hits="0" branch="false"/>
								<line number="282" hits="0" branch="false"/>
							</lines>
						</method>
						<method name="getStartDate" signature="()Ljava/lang/String;" line-rate="0.0" branch-rate="1.0" complexity="0">
							<lines>
								<line number="221" hits="0" branch="false"/>
								<line number="222" hits="0" branch="false"/>
							</lines>
						</method>
						<method name="prepareRawData" signature="(Ljava/lang/String;)Ljava/util/Map;" line-rate="0.8888888888888888" branch-rate="1.0" complexity="0">
							<lines>
								<line number="243" hits="1" branch="false"/>
								<line number="244" hits="1" branch="false"/>
								<line number="245" hits="1" branch="false"/>
								<line number="246" hits="1" branch="false"/>
								<line number="247" hits="1" branch="false"/>
								<line number="248" hits="1" branch="false"/>
								<line number="250" hits="1" branch="false"/>
								<line number="251" hits="1" branch="false"/>
								<line number="252" hits="0" branch="false"/>
							</lines>
						</method>
						<method name="prepareRawDataFromPooledMeasurement" signature="()Ljava/util/Map;" line-rate="0.8" branch-rate="1.0" complexity="0">
							<lines>
								<line number="225" hits="1" branch="false"/>
								<line number="226" hits="1" branch="false"/>
								<line number="230" hits="1" branch="false"/>
								<line number="239" hits="1" branch="false"/>
								<line number="240" hits="0" branch="false"/>
							</lines>
						</method>
						<method name="readMetaData" signature="(Ljava/util/Map;)V" line-rate="1.0" branch-rate="0.5" complexity="0">
							<lines>
								<line number="84" hits="3" branch="false"/>
								<line number="85" hits="3" branch="false"/>
								<line number="86" hits="3" branch="false"/>
								<line number="87" hits="3" branch="false"/>
								<line number="88" hits="3" branch="false"/>
								<line number="89" hits="3" branch="false"/>
								<line number="90" hits="3" branch="true" condition-coverage="50% (1/2)">
									<conditions>
										<condition number="0" type="jump" coverage="50%"/>
									</conditions>
								</line>
								<line number="91" hits="3" branch="false"/>
								<line number="92" hits="3" branch="false"/>
								<line number="93" hits="3" branch="false"/>
							</lines>
						</method>
						<method name="validateMetaData" signature="(Ljava/util/Map;)V" line-rate="0.8333333333333334" branch-rate="1.0" complexity="0">
							<lines>
								<line number="66" hits="4" branch="false"/>
								<line number="67" hits="3" branch="false"/>
								<line number="69" hits="1" branch="false"/>
								<line number="70" hits="1" branch="false"/>
								<line number="71" hits="0" branch="false"/>
								<line number="72" hits="3" branch="false"/>
							</lines>
						</method>
					</methods>
					<lines>
						<line number="48" hits="4" branch="false"/>
						<line number="49" hits="4" branch="false"/>
						<line number="50" hits="4" branch="false"/>
						<line number="52" hits="4" branch="false"/>
						<line number="54" hits="4" branch="false"/>
						<line number="55" hits="3" branch="false"/>
						<line number="56" hits="6" branch="true" condition-coverage="50% (1/2)">
							<conditions>
								<condition number="0" type="jump" coverage="50%"/>
							</conditions>
						</line>
						<line number="57" hits="6" branch="true" condition-coverage="50% (1/2)">
							<conditions>
								<condition number="0" type="jump" coverage="50%"/>
							</conditions>
						</line>
						<line number="58" hits="3" branch="false"/>
						<line number="61" hits="3" branch="false"/>
						<line number="62" hits="0" branch="false"/>
						<line number="66" hits="4" branch="false"/>
						<line number="67" hits="3" branch="false"/>
						<line number="69" hits="1" branch="false"/>
						<line number="70" hits="1" branch="false"/>
						<line number="71" hits="0" branch="false"/>
						<line number="72" hits="3" branch="false"/>
						<line number="75" hits="3" branch="true" condition-coverage="50% (1/2)">
							<conditions>
								<condition number="0" type="jump" coverage="50%"/>
							</conditions>
						</line>
						<line number="78" hits="3" branch="true" condition-coverage="100% (4/4)">
							<conditions>
								<condition number="0" type="jump" coverage="100%"/>
								<condition number="1" type="jump" coverage="100%"/>
							</conditions>
						</line>
						<line number="79" hits="2" branch="true" condition-coverage="50% (1/2)">
							<conditions>
								<condition number="0" type="jump" coverage="50%"/>
							</conditions>
						</line>
						<line number="81" hits="3" branch="false"/>
						<line number="84" hits="3" branch="false"/>
						<line number="85" hits="3" branch="false"/>
						<line number="86" hits="3" branch="false"/>
						<line number="87" hits="3" branch="false"/>
						<line number="88" hits="3" branch="false"/>
						<line number="89" hits="3" branch="false"/>
						<line number="90" hits="3" branch="true" condition-coverage="50% (1/2)">
							<conditions>
								<condition number="0" type="jump" coverage="50%"/>
							</conditions>
						</line>
						<line number="91" hits="3" branch="false"/>
						<line number="92" hits="3" branch="false"/>
						<line number="93" hits="3" branch="false"/>
						<line number="96" hits="3" branch="false"/>
						<line number="97" hits="3" branch="false"/>
						<line number="98" hits="3" branch="false"/>
						<line number="99" hits="6" branch="true" condition-coverage="100% (2/2)">
							<conditions>
								<condition number="0" type="jump" coverage="100%"/>
							</conditions>
						</line>
						<line number="100" hits="3" branch="false"/>
						<line number="101" hits="3" branch="false"/>
						<line number="102" hits="3" branch="true" condition-coverage="50% (1/2)">
							<conditions>
								<condition number="0" type="jump" coverage="50%"/>
							</conditions>
						</line>
						<line number="103" hits="0" branch="false"/>
						<line number="105" hits="3" branch="false"/>
						<line number="106" hits="0" branch="false"/>
						<line number="109" hits="3" branch="false"/>
						<line number="127" hits="3" branch="false"/>
						<line number="144" hits="2" branch="true" condition-coverage="50% (2/4)">
							<conditions>
								<condition number="0" type="jump" coverage="50%"/>
								<condition number="1" type="jump" coverage="50%"/>
							</conditions>
						</line>
						<line number="145" hits="2" branch="true" condition-coverage="100% (2/2)">
							<conditions>
								<condition number="0" type="jump" coverage="100%"/>
							</conditions>
						</line>
						<line number="146" hits="1" branch="false"/>
						<line number="147" hits="0" branch="false"/>
						<line number="148" hits="1" branch="false"/>
						<line number="150" hits="0" branch="false"/>
						<line number="157" hits="0" branch="false"/>
						<line number="158" hits="0" branch="false"/>
						<line number="165" hits="0" branch="false"/>
						<line number="166" hits="0" branch="false"/>
						<line number="173" hits="0" branch="false"/>
						<line number="174" hits="0" branch="false"/>
						<line number="181" hits="0" branch="false"/>
						<line number="182" hits="0" branch="false"/>
						<line number="189" hits="0" branch="false"/>
						<line number="190" hits="0" branch="false"/>
						<line number="197" hits="0" branch="false"/>
						<line number="198" hits="0" branch="false"/>
						<line number="205" hits="1" branch="false"/>
						<line number="206" hits="0" branch="false"/>
						<line number="213" hits="0" branch="false"/>
						<line number="214" hits="0" branch="false"/>
						<line number="221" hits="0" branch="false"/>
						<line number="222" hits="0" branch="false"/>
						<line number="225" hits="1" branch="false"/>
						<line number="226" hits="1" branch="false"/>
						<line number="230" hits="1" branch="false"/>
						<line number="239" hits="1" branch="false"/>
						<line number="240" hits="0" branch="false"/>
						<line number="243" hits="1" branch="false"/>
						<line number="244" hits="1" branch="false"/>
						<line number="245" hits="1" branch="false"/>
						<line number="246" hits="1" branch="false"/>
						<line number="247" hits="1" branch="false"/>
						<line number="248" hits="1" branch="false"/>
						<line number="250" hits="1" branch="false"/>
						<line number="251" hits="1" branch="false"/>
						<line number="252" hits="0" branch="false"/>
						<line number="260" hits="8" branch="false"/>
						<line number="261" hits="0" branch="false"/>
						<line number="281" hits="0" branch="false"/>
						<line number="282" hits="0" branch="false"/>
					</lines>
				</class>
				<class name="life.qbic.datamodel.datasets.OxfordNanoporeMeasurement$METADATA_FIELD" filename="life/qbic/datamodel/datasets/OxfordNanoporeMeasurement.groovy" line-rate="0.0" branch-rate="0.0" complexity="0.0">
					<methods>
					</methods>
					<lines>
						<line number="0" hits="0" branch="true" condition-coverage="0% (0/3)">
							<conditions>
								<condition number="0" type="switch" coverage="0%"/>
							</conditions>
						</line>
					</lines>
				</class>
				<class name="life.qbic.datamodel.datasets.OxfordNanoporeMeasurement$MetaData" filename="life/qbic/datamodel/datasets/OxfordNanoporeMeasurement.groovy" line-rate="0.8333333333333334" branch-rate="1.0" complexity="0.0">
					<methods>
						<method name="validateMetadata" signature="(Ljava/util/Map;)Ljava/lang/Object;" line-rate="0.8333333333333334" branch-rate="1.0" complexity="0">
							<lines>
								<line number="293" hits="4" branch="false"/>
								<line number="294" hits="4" branch="false"/>
								<line number="295" hits="4" branch="false"/>
								<line number="296" hits="4" branch="false"/>
								<line number="298" hits="4" branch="false"/>
								<line number="299" hits="0" branch="false"/>
							</lines>
						</method>
					</methods>
					<lines>
						<line number="293" hits="4" branch="false"/>
						<line number="294" hits="4" branch="false"/>
						<line number="295" hits="4" branch="false"/>
						<line number="296" hits="4" branch="false"/>
						<line number="298" hits="4" branch="false"/>
						<line number="299" hits="0" branch="false"/>
					</lines>
				</class>
				<class name="life.qbic.datamodel.datasets.OxfordNanoporeMeasurement$_createContent_closure2" filename="life/qbic/datamodel/datasets/OxfordNanoporeMeasurement.groovy" line-rate="1.0" branch-rate="0.9" complexity="0.0">
					<methods>
						<method name="doCall" signature="(Ljava/lang/Object;)Ljava/lang/Object;" line-rate="1.0" branch-rate="0.9" complexity="0">
							<lines>
								<line number="110" hits="20" branch="false"/>
								<line number="111" hits="20" branch="true" condition-coverage="100% (2/2)">
									<conditions>
										<condition number="0" type="jump" coverage="100%"/>
									</conditions>
								</line>
								<line number="112" hits="3" branch="false"/>
								<line number="114" hits="17" branch="true" condition-coverage="100% (2/2)">
									<conditions>
										<condition number="0" type="jump" coverage="100%"/>
									</conditions>
								</line>
								<line number="115" hits="3" branch="false"/>
								<line number="117" hits="14" branch="true" condition-coverage="100% (2/2)">
									<conditions>
										<condition number="0" type="jump" coverage="100%"/>
									</conditions>
								</line>
								<line number="118" hits="3" branch="false"/>
								<line number="120" hits="11" branch="true" condition-coverage="100% (2/2)">
									<conditions>
										<condition number="0" type="jump" coverage="100%"/>
									</conditions>
								</line>
								<line number="121" hits="3" branch="false"/>
								<line number="123" hits="8" branch="true" condition-coverage="50% (1/2)">
									<conditions>
										<condition number="0" type="jump" coverage="50%"/>
									</conditions>
								</line>
								<line number="124" hits="8" branch="false"/>
								<line number="125" hits="8" branch="false"/>
							</lines>
						</method>
					</methods>
					<lines>
						<line number="110" hits="20" branch="false"/>
						<line number="111" hits="20" branch="true" condition-coverage="100% (2/2)">
							<conditions>
								<condition number="0" type="jump" coverage="100%"/>
							</conditions>
						</line>
						<line number="112" hits="3" branch="false"/>
						<line number="114" hits="17" branch="true" condition-coverage="100% (2/2)">
							<conditions>
								<condition number="0" type="jump" coverage="100%"/>
							</conditions>
						</line>
						<line number="115" hits="3" branch="false"/>
						<line number="117" hits="14" branch="true" condition-coverage="100% (2/2)">
							<conditions>
								<condition number="0" type="jump" coverage="100%"/>
							</conditions>
						</line>
						<line number="118" hits="3" branch="false"/>
						<line number="120" hits="11" branch="true" condition-coverage="100% (2/2)">
							<conditions>
								<condition number="0" type="jump" coverage="100%"/>
							</conditions>
						</line>
						<line number="121" hits="3" branch="false"/>
						<line number="123" hits="8" branch="true" condition-coverage="50% (1/2)">
							<conditions>
								<condition number="0" type="jump" coverage="50%"/>
							</conditions>
						</line>
						<line number="124" hits="8" branch="false"/>
						<line number="125" hits="8" branch="false"/>
					</lines>
				</class>
				<class name="life.qbic.datamodel.datasets.OxfordNanoporeMeasurement$_getLogFiles_closure5" filename="life/qbic/datamodel/datasets/OxfordNanoporeMeasurement.groovy" line-rate="0.0" branch-rate="1.0" complexity="0.0">
					<methods>
						<method name="doCall" signature="(Ljava/lang/Object;)Ljava/lang/Object;" line-rate="0.0" branch-rate="1.0" complexity="0">
							<lines>
								<line number="260" hits="0" branch="false"/>
							</lines>
						</method>
					</methods>
					<lines>
						<line number="260" hits="0" branch="false"/>
					</lines>
				</class>
				<class name="life.qbic.datamodel.datasets.OxfordNanoporeMeasurement$_prepareRawDataFromPooledMeasurement_closure3" filename="life/qbic/datamodel/datasets/OxfordNanoporeMeasurement.groovy" line-rate="1.0" branch-rate="1.0" complexity="0.0">
					<methods>
						<method name="doCall" signature="(Ljava/lang/Object;)Ljava/lang/Object;" line-rate="1.0" branch-rate="1.0" complexity="0">
							<lines>
								<line number="229" hits="2" branch="false"/>
							</lines>
						</method>
					</methods>
					<lines>
						<line number="229" hits="2" branch="false"/>
					</lines>
				</class>
				<class name="life.qbic.datamodel.datasets.OxfordNanoporeMeasurement$_prepareRawDataFromPooledMeasurement_closure4" filename="life/qbic/datamodel/datasets/OxfordNanoporeMeasurement.groovy" line-rate="0.8571428571428571" branch-rate="1.0" complexity="0.0">
					<methods>
						<method name="doCall" signature="(Ljava/lang/Object;)Ljava/lang/Object;" line-rate="0.8571428571428571" branch-rate="1.0" complexity="0">
							<lines>
								<line number="231" hits="2" branch="false"/>
								<line number="232" hits="2" branch="false"/>
								<line number="233" hits="2" branch="false"/>
								<line number="234" hits="2" branch="false"/>
								<line number="235" hits="2" branch="false"/>
								<line number="236" hits="0" branch="false"/>
								<line number="237" hits="2" branch="false"/>
							</lines>
						</method>
					</methods>
					<lines>
						<line number="231" hits="2" branch="false"/>
						<line number="232" hits="2" branch="false"/>
						<line number="233" hits="2" branch="false"/>
						<line number="234" hits="2" branch="false"/>
						<line number="235" hits="2" branch="false"/>
						<line number="236" hits="0" branch="false"/>
						<line number="237" hits="2" branch="false"/>
					</lines>
				</class>
				<class name="life.qbic.datamodel.datasets.OxfordNanoporeMeasurement$_prepareRawDataFromPooledMeasurement_closure4$_closure6" filename="life/qbic/datamodel/datasets/OxfordNanoporeMeasurement.groovy" line-rate="1.0" branch-rate="1.0" complexity="0.0">
					<methods>
						<method name="doCall" signature="(Ljava/lang/Object;)Ljava/lang/Object;" line-rate="1.0" branch-rate="1.0" complexity="0">
							<lines>
								<line number="232" hits="2" branch="false"/>
							</lines>
						</method>
					</methods>
					<lines>
						<line number="232" hits="2" branch="false"/>
					</lines>
				</class>
				<class name="life.qbic.datamodel.datasets.OxfordNanoporeMeasurement$_prepareRawDataFromPooledMeasurement_closure4$_closure7" filename="life/qbic/datamodel/datasets/OxfordNanoporeMeasurement.groovy" line-rate="1.0" branch-rate="1.0" complexity="0.0">
					<methods>
						<method name="doCall" signature="(Ljava/lang/Object;)Ljava/lang/Object;" line-rate="1.0" branch-rate="1.0" complexity="0">
							<lines>
								<line number="233" hits="2" branch="false"/>
							</lines>
						</method>
					</methods>
					<lines>
						<line number="233" hits="2" branch="false"/>
					</lines>
				</class>
				<class name="life.qbic.datamodel.datasets.OxfordNanoporeMeasurement$_prepareRawDataFromPooledMeasurement_closure4$_closure8" filename="life/qbic/datamodel/datasets/OxfordNanoporeMeasurement.groovy" line-rate="1.0" branch-rate="1.0" complexity="0.0">
					<methods>
						<method name="doCall" signature="(Ljava/lang/Object;)Ljava/lang/Object;" line-rate="1.0" branch-rate="1.0" complexity="0">
							<lines>
								<line number="234" hits="2" branch="false"/>
							</lines>
						</method>
					</methods>
					<lines>
						<line number="234" hits="2" branch="false"/>
					</lines>
				</class>
				<class name="life.qbic.datamodel.datasets.OxfordNanoporeMeasurement$_prepareRawDataFromPooledMeasurement_closure4$_closure9" filename="life/qbic/datamodel/datasets/OxfordNanoporeMeasurement.groovy" line-rate="1.0" branch-rate="1.0" complexity="0.0">
					<methods>
						<method name="doCall" signature="(Ljava/lang/Object;)Ljava/lang/Object;" line-rate="1.0" branch-rate="1.0" complexity="0">
							<lines>
								<line number="235" hits="2" branch="false"/>
							</lines>
						</method>
					</methods>
					<lines>
						<line number="235" hits="2" branch="false"/>
					</lines>
				</class>
				<class name="life.qbic.datamodel.datasets.OxfordNanoporeMeasurement$_validateMetaData_closure1" filename="life/qbic/datamodel/datasets/OxfordNanoporeMeasurement.groovy" line-rate="0.0" branch-rate="1.0" complexity="0.0">
					<methods>
						<method name="doCall" signature="(Ljava/lang/Object;)Ljava/lang/Object;" line-rate="0.0" branch-rate="1.0" complexity="0">
							<lines>
								<line number="69" hits="0" branch="false"/>
							</lines>
						</method>
					</methods>
					<lines>
						<line number="69" hits="0" branch="false"/>
					</lines>
				</class>
			</classes>
		</package>
		<package name="life.qbic.datamodel.datasets.datastructure.files" line-rate="0.5172413793103449" branch-rate="0.36363636363636365" complexity="0.0">
			<classes>
				<class name="life.qbic.datamodel.datasets.datastructure.files.DataFile" filename="life/qbic/datamodel/datasets/datastructure/files/DataFile.groovy" line-rate="0.5172413793103449" branch-rate="0.36363636363636365" complexity="0.0">
					<methods>
						<method name="&lt;init&gt;" signature="()V" line-rate="0.0" branch-rate="1.0" complexity="0">
							<lines>
								<line number="32" hits="0" branch="false"/>
							</lines>
						</method>
						<method name="&lt;init&gt;" signature="(Ljava/lang/String;Ljava/lang/String;Ljava/lang/String;)V" line-rate="1.0" branch-rate="1.0" complexity="0">
							<lines>
								<line number="35" hits="210" branch="true" condition-coverage="100% (4/4)">
									<conditions>
										<condition number="0" type="jump" coverage="100%"/>
										<condition number="1" type="jump" coverage="100%"/>
									</conditions>
								</line>
								<line number="36" hits="1" branch="false"/>
								<line number="38" hits="209" branch="true" condition-coverage="100% (4/4)">
									<conditions>
										<condition number="0" type="jump" coverage="100%"/>
										<condition number="1" type="jump" coverage="100%"/>
									</conditions>
								</line>
								<line number="39" hits="151" branch="false"/>
								<line number="41" hits="58" branch="false"/>
								<line number="42" hits="58" branch="false"/>
								<line number="43" hits="58" branch="false"/>
								<line number="44" hits="58" branch="false"/>
							</lines>
						</method>
						<method name="equals" signature="(Ljava/lang/Object;)Z" line-rate="0.0" branch-rate="0.0" complexity="0">
							<lines>
								<line number="60" hits="0" branch="true" condition-coverage="0% (0/2)">
									<conditions>
										<condition number="0" type="jump" coverage="0%"/>
									</conditions>
								</line>
								<line number="61" hits="0" branch="false"/>
								<line number="63" hits="0" branch="true" condition-coverage="0% (0/4)">
									<conditions>
										<condition number="0" type="jump" coverage="0%"/>
										<condition number="1" type="jump" coverage="0%"/>
									</conditions>
								</line>
								<line number="64" hits="0" branch="false"/>
								<line number="66" hits="0" branch="false"/>
								<line number="67" hits="0" branch="true" condition-coverage="0% (0/2)">
									<conditions>
										<condition number="0" type="jump" coverage="0%"/>
									</conditions>
								</line>
								<line number="68" hits="0" branch="true" condition-coverage="0% (0/4)">
									<conditions>
										<condition number="0" type="jump" coverage="0%"/>
										<condition number="1" type="jump" coverage="0%"/>
									</conditions>
								</line>
								<line number="69" hits="0" branch="true" condition-coverage="0% (0/2)">
									<conditions>
										<condition number="0" type="jump" coverage="0%"/>
									</conditions>
								</line>
								<line number="70" hits="0" branch="false"/>
							</lines>
						</method>
						<method name="getFileType" signature="()Ljava/lang/String;" line-rate="0.5" branch-rate="1.0" complexity="0">
							<lines>
								<line number="55" hits="1" branch="false"/>
								<line number="56" hits="0" branch="false"/>
							</lines>
						</method>
						<method name="getName" signature="()Ljava/lang/String;" line-rate="0.5" branch-rate="1.0" complexity="0">
							<lines>
								<line number="51" hits="69" branch="false"/>
								<line number="52" hits="0" branch="false"/>
							</lines>
						</method>
						<method name="getRelativePath" signature="()Ljava/lang/String;" line-rate="0.5" branch-rate="1.0" complexity="0">
							<lines>
								<line number="47" hits="12" branch="false"/>
								<line number="48" hits="0" branch="false"/>
							</lines>
						</method>
						<method name="hashCode" signature="()I" line-rate="0.8" branch-rate="1.0" complexity="0">
							<lines>
								<line number="74" hits="2" branch="false"/>
								<line number="75" hits="2" branch="false"/>
								<line number="76" hits="2" branch="false"/>
								<line number="77" hits="2" branch="false"/>
								<line number="78" hits="0" branch="false"/>
							</lines>
						</method>
					</methods>
					<lines>
						<line number="32" hits="0" branch="false"/>
						<line number="35" hits="210" branch="true" condition-coverage="100% (4/4)">
							<conditions>
								<condition number="0" type="jump" coverage="100%"/>
								<condition number="1" type="jump" coverage="100%"/>
							</conditions>
						</line>
						<line number="36" hits="1" branch="false"/>
						<line number="38" hits="209" branch="true" condition-coverage="100% (4/4)">
							<conditions>
								<condition number="0" type="jump" coverage="100%"/>
								<condition number="1" type="jump" coverage="100%"/>
							</conditions>
						</line>
						<line number="39" hits="151" branch="false"/>
						<line number="41" hits="58" branch="false"/>
						<line number="42" hits="58" branch="false"/>
						<line number="43" hits="58" branch="false"/>
						<line number="44" hits="58" branch="false"/>
						<line number="47" hits="12" branch="false"/>
						<line number="48" hits="0" branch="false"/>
						<line number="51" hits="69" branch="false"/>
						<line number="52" hits="0" branch="false"/>
						<line number="55" hits="1" branch="false"/>
						<line number="56" hits="0" branch="false"/>
						<line number="60" hits="0" branch="true" condition-coverage="0% (0/2)">
							<conditions>
								<condition number="0" type="jump" coverage="0%"/>
							</conditions>
						</line>
						<line number="61" hits="0" branch="false"/>
						<line number="63" hits="0" branch="true" condition-coverage="0% (0/4)">
							<conditions>
								<condition number="0" type="jump" coverage="0%"/>
								<condition number="1" type="jump" coverage="0%"/>
							</conditions>
						</line>
						<line number="64" hits="0" branch="false"/>
						<line number="66" hits="0" branch="false"/>
						<line number="67" hits="0" branch="true" condition-coverage="0% (0/2)">
							<conditions>
								<condition number="0" type="jump" coverage="0%"/>
							</conditions>
						</line>
						<line number="68" hits="0" branch="true" condition-coverage="0% (0/4)">
							<conditions>
								<condition number="0" type="jump" coverage="0%"/>
								<condition number="1" type="jump" coverage="0%"/>
							</conditions>
						</line>
						<line number="69" hits="0" branch="true" condition-coverage="0% (0/2)">
							<conditions>
								<condition number="0" type="jump" coverage="0%"/>
							</conditions>
						</line>
						<line number="70" hits="0" branch="false"/>
						<line number="74" hits="2" branch="false"/>
						<line number="75" hits="2" branch="false"/>
						<line number="76" hits="2" branch="false"/>
						<line number="77" hits="2" branch="false"/>
						<line number="78" hits="0" branch="false"/>
					</lines>
				</class>
			</classes>
		</package>
		<package name="life.qbic.datamodel.datasets.datastructure.files.nanopore" line-rate="0.7604166666666666" branch-rate="0.7121212121212122" complexity="0.0">
			<classes>
				<class name="life.qbic.datamodel.datasets.datastructure.files.nanopore.DriftCorrectionLog" filename="life/qbic/datamodel/datasets/datastructure/files/nanopore/DriftCorrectionLog.groovy" line-rate="0.7777777777777778" branch-rate="0.8333333333333334" complexity="0.0">
					<methods>
						<method name="&lt;init&gt;" signature="()V" line-rate="0.0" branch-rate="1.0" complexity="0">
							<lines>
								<line number="16" hits="0" branch="false"/>
							</lines>
						</method>
						<method name="&lt;init&gt;" signature="(Ljava/lang/String;Ljava/lang/String;)V" line-rate="1.0" branch-rate="0.5" complexity="0">
							<lines>
								<line number="19" hits="34" branch="false"/>
								<line number="20" hits="10" branch="true" condition-coverage="50% (1/2)">
									<conditions>
										<condition number="0" type="jump" coverage="50%"/>
									</conditions>
								</line>
								<line number="21" hits="2" branch="false"/>
							</lines>
						</method>
						<method name="create" signature="(Ljava/lang/String;Ljava/lang/String;)Llife/qbic/datamodel/datasets/datastructure/files/nanopore/DriftCorrectionLog;" line-rate="0.5" branch-rate="1.0" complexity="0">
							<lines>
								<line number="24" hits="34" branch="false"/>
								<line number="25" hits="0" branch="false"/>
							</lines>
						</method>
						<method name="validateName" signature="()V" line-rate="1.0" branch-rate="1.0" complexity="0">
							<lines>
								<line number="28" hits="5" branch="true" condition-coverage="100% (4/4)">
									<conditions>
										<condition number="0" type="jump" coverage="100%"/>
										<condition number="1" type="jump" coverage="100%"/>
									</conditions>
								</line>
								<line number="29" hits="3" branch="false"/>
								<line number="31" hits="2" branch="false"/>
							</lines>
						</method>
					</methods>
					<lines>
						<line number="16" hits="0" branch="false"/>
						<line number="19" hits="34" branch="false"/>
						<line number="20" hits="10" branch="true" condition-coverage="50% (1/2)">
							<conditions>
								<condition number="0" type="jump" coverage="50%"/>
							</conditions>
						</line>
						<line number="21" hits="2" branch="false"/>
						<line number="24" hits="34" branch="false"/>
						<line number="25" hits="0" branch="false"/>
						<line number="28" hits="5" branch="true" condition-coverage="100% (4/4)">
							<conditions>
								<condition number="0" type="jump" coverage="100%"/>
								<condition number="1" type="jump" coverage="100%"/>
							</conditions>
						</line>
						<line number="29" hits="3" branch="false"/>
						<line number="31" hits="2" branch="false"/>
					</lines>
				</class>
				<class name="life.qbic.datamodel.datasets.datastructure.files.nanopore.DutyTimeLog" filename="life/qbic/datamodel/datasets/datastructure/files/nanopore/DutyTimeLog.groovy" line-rate="0.7777777777777778" branch-rate="0.8333333333333334" complexity="0.0">
					<methods>
						<method name="&lt;init&gt;" signature="()V" line-rate="0.0" branch-rate="1.0" complexity="0">
							<lines>
								<line number="16" hits="0" branch="false"/>
							</lines>
						</method>
						<method name="&lt;init&gt;" signature="(Ljava/lang/String;Ljava/lang/String;)V" line-rate="1.0" branch-rate="0.5" complexity="0">
							<lines>
								<line number="19" hits="33" branch="false"/>
								<line number="20" hits="8" branch="true" condition-coverage="50% (1/2)">
									<conditions>
										<condition number="0" type="jump" coverage="50%"/>
									</conditions>
								</line>
								<line number="21" hits="2" branch="false"/>
							</lines>
						</method>
						<method name="create" signature="(Ljava/lang/String;Ljava/lang/String;)Llife/qbic/datamodel/datasets/datastructure/files/nanopore/DutyTimeLog;" line-rate="0.5" branch-rate="1.0" complexity="0">
							<lines>
								<line number="24" hits="33" branch="false"/>
								<line number="25" hits="0" branch="false"/>
							</lines>
						</method>
						<method name="validateName" signature="()V" line-rate="1.0" branch-rate="1.0" complexity="0">
							<lines>
								<line number="28" hits="4" branch="true" condition-coverage="100% (4/4)">
									<conditions>
										<condition number="0" type="jump" coverage="100%"/>
										<condition number="1" type="jump" coverage="100%"/>
									</conditions>
								</line>
								<line number="29" hits="2" branch="false"/>
								<line number="31" hits="2" branch="false"/>
							</lines>
						</method>
					</methods>
					<lines>
						<line number="16" hits="0" branch="false"/>
						<line number="19" hits="33" branch="false"/>
						<line number="20" hits="8" branch="true" condition-coverage="50% (1/2)">
							<conditions>
								<condition number="0" type="jump" coverage="50%"/>
							</conditions>
						</line>
						<line number="21" hits="2" branch="false"/>
						<line number="24" hits="33" branch="false"/>
						<line number="25" hits="0" branch="false"/>
						<line number="28" hits="4" branch="true" condition-coverage="100% (4/4)">
							<conditions>
								<condition number="0" type="jump" coverage="100%"/>
								<condition number="1" type="jump" coverage="100%"/>
							</conditions>
						</line>
						<line number="29" hits="2" branch="false"/>
						<line number="31" hits="2" branch="false"/>
					</lines>
				</class>
				<class name="life.qbic.datamodel.datasets.datastructure.files.nanopore.Fast5File" filename="life/qbic/datamodel/datasets/datastructure/files/nanopore/Fast5File.groovy" line-rate="0.75" branch-rate="0.5" complexity="0.0">
					<methods>
						<method name="&lt;init&gt;" signature="(Ljava/lang/String;Ljava/lang/String;)V" line-rate="1.0" branch-rate="0.5" complexity="0">
							<lines>
								<line number="17" hits="36" branch="false"/>
								<line number="18" hits="30" branch="true" condition-coverage="50% (1/2)">
									<conditions>
										<condition number="0" type="jump" coverage="50%"/>
									</conditions>
								</line>
								<line number="19" hits="15" branch="false"/>
							</lines>
						</method>
						<method name="create" signature="(Ljava/lang/String;Ljava/lang/String;)Llife/qbic/datamodel/datasets/datastructure/files/nanopore/Fast5File;" line-rate="0.5" branch-rate="1.0" complexity="0">
							<lines>
								<line number="22" hits="36" branch="false"/>
								<line number="23" hits="0" branch="false"/>
							</lines>
						</method>
						<method name="validateName" signature="()V" line-rate="0.6666666666666666" branch-rate="0.5" complexity="0">
							<lines>
								<line number="26" hits="15" branch="true" condition-coverage="50% (2/4)">
									<conditions>
										<condition number="0" type="jump" coverage="50%"/>
										<condition number="1" type="jump" coverage="50%"/>
									</conditions>
								</line>
								<line number="27" hits="0" branch="false"/>
								<line number="29" hits="15" branch="false"/>
							</lines>
						</method>
					</methods>
					<lines>
						<line number="17" hits="36" branch="false"/>
						<line number="18" hits="30" branch="true" condition-coverage="50% (1/2)">
							<conditions>
								<condition number="0" type="jump" coverage="50%"/>
							</conditions>
						</line>
						<line number="19" hits="15" branch="false"/>
						<line number="22" hits="36" branch="false"/>
						<line number="23" hits="0" branch="false"/>
						<line number="26" hits="15" branch="true" condition-coverage="50% (2/4)">
							<conditions>
								<condition number="0" type="jump" coverage="50%"/>
								<condition number="1" type="jump" coverage="50%"/>
							</conditions>
						</line>
						<line number="27" hits="0" branch="false"/>
						<line number="29" hits="15" branch="false"/>
					</lines>
				</class>
				<class name="life.qbic.datamodel.datasets.datastructure.files.nanopore.FastQFile" filename="life/qbic/datamodel/datasets/datastructure/files/nanopore/FastQFile.groovy" line-rate="0.75" branch-rate="0.5" complexity="0.0">
					<methods>
						<method name="&lt;init&gt;" signature="(Ljava/lang/String;Ljava/lang/String;)V" line-rate="1.0" branch-rate="0.5" complexity="0">
							<lines>
								<line number="17" hits="25" branch="false"/>
								<line number="18" hits="8" branch="true" condition-coverage="50% (1/2)">
									<conditions>
										<condition number="0" type="jump" coverage="50%"/>
									</conditions>
								</line>
								<line number="19" hits="4" branch="false"/>
							</lines>
						</method>
						<method name="create" signature="(Ljava/lang/String;Ljava/lang/String;)Llife/qbic/datamodel/datasets/datastructure/files/nanopore/FastQFile;" line-rate="0.5" branch-rate="1.0" complexity="0">
							<lines>
								<line number="22" hits="25" branch="false"/>
								<line number="23" hits="0" branch="false"/>
							</lines>
						</method>
						<method name="validateName" signature="()V" line-rate="0.6666666666666666" branch-rate="0.5" complexity="0">
							<lines>
								<line number="26" hits="4" branch="true" condition-coverage="50% (2/4)">
									<conditions>
										<condition number="0" type="jump" coverage="50%"/>
										<condition number="1" type="jump" coverage="50%"/>
									</conditions>
								</line>
								<line number="27" hits="0" branch="false"/>
								<line number="29" hits="4" branch="false"/>
							</lines>
						</method>
					</methods>
					<lines>
						<line number="17" hits="25" branch="false"/>
						<line number="18" hits="8" branch="true" condition-coverage="50% (1/2)">
							<conditions>
								<condition number="0" type="jump" coverage="50%"/>
							</conditions>
						</line>
						<line number="19" hits="4" branch="false"/>
						<line number="22" hits="25" branch="false"/>
						<line number="23" hits="0" branch="false"/>
						<line number="26" hits="4" branch="true" condition-coverage="50% (2/4)">
							<conditions>
								<condition number="0" type="jump" coverage="50%"/>
								<condition number="1" type="jump" coverage="50%"/>
							</conditions>
						</line>
						<line number="27" hits="0" branch="false"/>
						<line number="29" hits="4" branch="false"/>
					</lines>
				</class>
				<class name="life.qbic.datamodel.datasets.datastructure.files.nanopore.FastQZippedFile" filename="life/qbic/datamodel/datasets/datastructure/files/nanopore/FastQZippedFile.groovy" line-rate="0.75" branch-rate="0.5" complexity="0.0">
					<methods>
						<method name="&lt;init&gt;" signature="(Ljava/lang/String;Ljava/lang/String;)V" line-rate="1.0" branch-rate="0.5" complexity="0">
							<lines>
								<line number="17" hits="22" branch="false"/>
								<line number="18" hits="22" branch="true" condition-coverage="50% (1/2)">
									<conditions>
										<condition number="0" type="jump" coverage="50%"/>
									</conditions>
								</line>
								<line number="19" hits="11" branch="false"/>
							</lines>
						</method>
						<method name="create" signature="(Ljava/lang/String;Ljava/lang/String;)Llife/qbic/datamodel/datasets/datastructure/files/nanopore/FastQZippedFile;" line-rate="0.5" branch-rate="1.0" complexity="0">
							<lines>
								<line number="22" hits="22" branch="false"/>
								<line number="23" hits="0" branch="false"/>
							</lines>
						</method>
						<method name="validateName" signature="()V" line-rate="0.6666666666666666" branch-rate="0.5" complexity="0">
							<lines>
								<line number="26" hits="11" branch="true" condition-coverage="50% (2/4)">
									<conditions>
										<condition number="0" type="jump" coverage="50%"/>
										<condition number="1" type="jump" coverage="50%"/>
									</conditions>
								</line>
								<line number="27" hits="0" branch="false"/>
								<line number="29" hits="11" branch="false"/>
							</lines>
						</method>
					</methods>
					<lines>
						<line number="17" hits="22" branch="false"/>
						<line number="18" hits="22" branch="true" condition-coverage="50% (1/2)">
							<conditions>
								<condition number="0" type="jump" coverage="50%"/>
							</conditions>
						</line>
						<line number="19" hits="11" branch="false"/>
						<line number="22" hits="22" branch="false"/>
						<line number="23" hits="0" branch="false"/>
						<line number="26" hits="11" branch="true" condition-coverage="50% (2/4)">
							<conditions>
								<condition number="0" type="jump" coverage="50%"/>
								<condition number="1" type="jump" coverage="50%"/>
							</conditions>
						</line>
						<line number="27" hits="0" branch="false"/>
						<line number="29" hits="11" branch="false"/>
					</lines>
				</class>
				<class name="life.qbic.datamodel.datasets.datastructure.files.nanopore.FinalSummaryLog" filename="life/qbic/datamodel/datasets/datastructure/files/nanopore/FinalSummaryLog.groovy" line-rate="0.7777777777777778" branch-rate="0.8333333333333334" complexity="0.0">
					<methods>
						<method name="&lt;init&gt;" signature="()V" line-rate="0.0" branch-rate="1.0" complexity="0">
							<lines>
								<line number="16" hits="0" branch="false"/>
							</lines>
						</method>
						<method name="&lt;init&gt;" signature="(Ljava/lang/String;Ljava/lang/String;)V" line-rate="1.0" branch-rate="0.5" complexity="0">
							<lines>
								<line number="19" hits="12" branch="false"/>
								<line number="20" hits="8" branch="true" condition-coverage="50% (1/2)">
									<conditions>
										<condition number="0" type="jump" coverage="50%"/>
									</conditions>
								</line>
								<line number="21" hits="2" branch="false"/>
							</lines>
						</method>
						<method name="create" signature="(Ljava/lang/String;Ljava/lang/String;)Llife/qbic/datamodel/datasets/datastructure/files/nanopore/FinalSummaryLog;" line-rate="0.5" branch-rate="1.0" complexity="0">
							<lines>
								<line number="24" hits="12" branch="false"/>
								<line number="25" hits="0" branch="false"/>
							</lines>
						</method>
						<method name="validateName" signature="()V" line-rate="1.0" branch-rate="1.0" complexity="0">
							<lines>
								<line number="28" hits="4" branch="true" condition-coverage="100% (4/4)">
									<conditions>
										<condition number="0" type="jump" coverage="100%"/>
										<condition number="1" type="jump" coverage="100%"/>
									</conditions>
								</line>
								<line number="29" hits="2" branch="false"/>
								<line number="31" hits="2" branch="false"/>
							</lines>
						</method>
					</methods>
					<lines>
						<line number="16" hits="0" branch="false"/>
						<line number="19" hits="12" branch="false"/>
						<line number="20" hits="8" branch="true" condition-coverage="50% (1/2)">
							<conditions>
								<condition number="0" type="jump" coverage="50%"/>
							</conditions>
						</line>
						<line number="21" hits="2" branch="false"/>
						<line number="24" hits="12" branch="false"/>
						<line number="25" hits="0" branch="false"/>
						<line number="28" hits="4" branch="true" condition-coverage="100% (4/4)">
							<conditions>
								<condition number="0" type="jump" coverage="100%"/>
								<condition number="1" type="jump" coverage="100%"/>
							</conditions>
						</line>
						<line number="29" hits="2" branch="false"/>
						<line number="31" hits="2" branch="false"/>
					</lines>
				</class>
				<class name="life.qbic.datamodel.datasets.datastructure.files.nanopore.MuxScanDataLog" filename="life/qbic/datamodel/datasets/datastructure/files/nanopore/MuxScanDataLog.groovy" line-rate="0.7777777777777778" branch-rate="0.8333333333333334" complexity="0.0">
					<methods>
						<method name="&lt;init&gt;" signature="()V" line-rate="0.0" branch-rate="1.0" complexity="0">
							<lines>
								<line number="16" hits="0" branch="false"/>
							</lines>
						</method>
						<method name="&lt;init&gt;" signature="(Ljava/lang/String;Ljava/lang/String;)V" line-rate="1.0" branch-rate="0.5" complexity="0">
							<lines>
								<line number="19" hits="11" branch="false"/>
								<line number="20" hits="6" branch="true" condition-coverage="50% (1/2)">
									<conditions>
										<condition number="0" type="jump" coverage="50%"/>
									</conditions>
								</line>
								<line number="21" hits="2" branch="false"/>
							</lines>
						</method>
						<method name="create" signature="(Ljava/lang/String;Ljava/lang/String;)Llife/qbic/datamodel/datasets/datastructure/files/nanopore/MuxScanDataLog;" line-rate="0.5" branch-rate="1.0" complexity="0">
							<lines>
								<line number="24" hits="11" branch="false"/>
								<line number="25" hits="0" branch="false"/>
							</lines>
						</method>
						<method name="validateName" signature="()V" line-rate="1.0" branch-rate="1.0" complexity="0">
							<lines>
								<line number="28" hits="3" branch="true" condition-coverage="100% (4/4)">
									<conditions>
										<condition number="0" type="jump" coverage="100%"/>
										<condition number="1" type="jump" coverage="100%"/>
									</conditions>
								</line>
								<line number="29" hits="1" branch="false"/>
								<line number="31" hits="2" branch="false"/>
							</lines>
						</method>
					</methods>
					<lines>
						<line number="16" hits="0" branch="false"/>
						<line number="19" hits="11" branch="false"/>
						<line number="20" hits="6" branch="true" condition-coverage="50% (1/2)">
							<conditions>
								<condition number="0" type="jump" coverage="50%"/>
							</conditions>
						</line>
						<line number="21" hits="2" branch="false"/>
						<line number="24" hits="11" branch="false"/>
						<line number="25" hits="0" branch="false"/>
						<line number="28" hits="3" branch="true" condition-coverage="100% (4/4)">
							<conditions>
								<condition number="0" type="jump" coverage="100%"/>
								<condition number="1" type="jump" coverage="100%"/>
							</conditions>
						</line>
						<line number="29" hits="1" branch="false"/>
						<line number="31" hits="2" branch="false"/>
					</lines>
				</class>
				<class name="life.qbic.datamodel.datasets.datastructure.files.nanopore.ReportMdLog" filename="life/qbic/datamodel/datasets/datastructure/files/nanopore/ReportMdLog.groovy" line-rate="0.7777777777777778" branch-rate="0.8333333333333334" complexity="0.0">
					<methods>
						<method name="&lt;init&gt;" signature="()V" line-rate="0.0" branch-rate="1.0" complexity="0">
							<lines>
								<line number="16" hits="0" branch="false"/>
							</lines>
						</method>
						<method name="&lt;init&gt;" signature="(Ljava/lang/String;Ljava/lang/String;)V" line-rate="1.0" branch-rate="0.5" complexity="0">
							<lines>
								<line number="19" hits="10" branch="false"/>
								<line number="20" hits="6" branch="true" condition-coverage="50% (1/2)">
									<conditions>
										<condition number="0" type="jump" coverage="50%"/>
									</conditions>
								</line>
								<line number="21" hits="2" branch="false"/>
							</lines>
						</method>
						<method name="create" signature="(Ljava/lang/String;Ljava/lang/String;)Llife/qbic/datamodel/datasets/datastructure/files/nanopore/ReportMdLog;" line-rate="0.5" branch-rate="1.0" complexity="0">
							<lines>
								<line number="24" hits="10" branch="false"/>
								<line number="25" hits="0" branch="false"/>
							</lines>
						</method>
						<method name="validateName" signature="()V" line-rate="1.0" branch-rate="1.0" complexity="0">
							<lines>
								<line number="28" hits="3" branch="true" condition-coverage="100% (4/4)">
									<conditions>
[...]
									<conditions>
										<condition number="0" type="jump" coverage="0%"/>
									</conditions>
								</line>
								<line number="43" hits="0" branch="false"/>
								<line number="44" hits="0" branch="true" condition-coverage="0% (0/2)">
									<conditions>
										<condition number="0" type="jump" coverage="0%"/>
									</conditions>
								</line>
								<line number="45" hits="0" branch="false"/>
								<line number="46" hits="0" branch="false"/>
							</lines>
						</method>
						<method name="getInstance" signature="()Llife/qbic/datamodel/sorters/SampleExtIDComparator;" line-rate="0.0" branch-rate="1.0" complexity="0">
							<lines>
								<line number="33" hits="0" branch="false"/>
							</lines>
						</method>
					</methods>
					<lines>
						<line number="28" hits="0" branch="false"/>
						<line number="30" hits="0" branch="false"/>
						<line number="33" hits="0" branch="false"/>
						<line number="36" hits="0" branch="false"/>
						<line number="40" hits="0" branch="false"/>
						<line number="41" hits="0" branch="false"/>
						<line number="42" hits="0" branch="true" condition-coverage="0% (0/2)">
							<conditions>
								<condition number="0" type="jump" coverage="0%"/>
							</conditions>
						</line>
						<line number="43" hits="0" branch="false"/>
						<line number="44" hits="0" branch="true" condition-coverage="0% (0/2)">
							<conditions>
								<condition number="0" type="jump" coverage="0%"/>
							</conditions>
						</line>
						<line number="45" hits="0" branch="false"/>
						<line number="46" hits="0" branch="false"/>
					</lines>
				</class>
				<class name="life.qbic.datamodel.sorters.SampleSecondaryNameComparator" filename="life/qbic/datamodel/sorters/SampleSecondaryNameComparator.java" line-rate="0.0" branch-rate="1.0" complexity="1.0">
					<methods>
						<method name="&lt;clinit&gt;" signature="()V" line-rate="0.0" branch-rate="1.0" complexity="0">
							<lines>
								<line number="31" hits="0" branch="false"/>
							</lines>
						</method>
						<method name="&lt;init&gt;" signature="()V" line-rate="0.0" branch-rate="1.0" complexity="0">
							<lines>
								<line number="37" hits="0" branch="false"/>
							</lines>
						</method>
						<method name="compare" signature="(Ljava/lang/Object;Ljava/lang/Object;)I" line-rate="0.0" branch-rate="1.0" complexity="0">
							<lines>
								<line number="29" hits="0" branch="false"/>
							</lines>
						</method>
						<method name="compare" signature="(Llife/qbic/datamodel/printing/IBarcodeBean;Llife/qbic/datamodel/printing/IBarcodeBean;)I" line-rate="0.0" branch-rate="1.0" complexity="0">
							<lines>
								<line number="41" hits="0" branch="false"/>
								<line number="42" hits="0" branch="false"/>
								<line number="44" hits="0" branch="false"/>
							</lines>
						</method>
						<method name="getInstance" signature="()Llife/qbic/datamodel/sorters/SampleSecondaryNameComparator;" line-rate="0.0" branch-rate="1.0" complexity="0">
							<lines>
								<line number="34" hits="0" branch="false"/>
							</lines>
						</method>
					</methods>
					<lines>
						<line number="29" hits="0" branch="false"/>
						<line number="31" hits="0" branch="false"/>
						<line number="34" hits="0" branch="false"/>
						<line number="37" hits="0" branch="false"/>
						<line number="41" hits="0" branch="false"/>
						<line number="42" hits="0" branch="false"/>
						<line number="44" hits="0" branch="false"/>
					</lines>
				</class>
				<class name="life.qbic.datamodel.sorters.SampleTypeComparator" filename="life/qbic/datamodel/sorters/SampleTypeComparator.java" line-rate="0.0" branch-rate="1.0" complexity="1.0">
					<methods>
						<method name="&lt;clinit&gt;" signature="()V" line-rate="0.0" branch-rate="1.0" complexity="0">
							<lines>
								<line number="32" hits="0" branch="false"/>
							</lines>
						</method>
						<method name="&lt;init&gt;" signature="()V" line-rate="0.0" branch-rate="1.0" complexity="0">
							<lines>
								<line number="39" hits="0" branch="false"/>
								<line number="40" hits="0" branch="false"/>
							</lines>
						</method>
						<method name="compare" signature="(Ljava/lang/Object;Ljava/lang/Object;)I" line-rate="0.0" branch-rate="1.0" complexity="0">
							<lines>
								<line number="30" hits="0" branch="false"/>
							</lines>
						</method>
						<method name="compare" signature="(Llife/qbic/datamodel/printing/IBarcodeBean;Llife/qbic/datamodel/printing/IBarcodeBean;)I" line-rate="0.0" branch-rate="1.0" complexity="0">
							<lines>
								<line number="44" hits="0" branch="false"/>
							</lines>
						</method>
						<method name="getInstance" signature="()Llife/qbic/datamodel/sorters/SampleTypeComparator;" line-rate="0.0" branch-rate="1.0" complexity="0">
							<lines>
								<line number="36" hits="0" branch="false"/>
							</lines>
						</method>
					</methods>
					<lines>
						<line number="30" hits="0" branch="false"/>
						<line number="32" hits="0" branch="false"/>
						<line number="36" hits="0" branch="false"/>
						<line number="39" hits="0" branch="false"/>
						<line number="40" hits="0" branch="false"/>
						<line number="44" hits="0" branch="false"/>
					</lines>
				</class>
				<class name="life.qbic.datamodel.sorters.TopInfoComparator" filename="life/qbic/datamodel/sorters/TopInfoComparator.java" line-rate="0.0" branch-rate="1.0" complexity="1.0">
					<methods>
						<method name="&lt;clinit&gt;" signature="()V" line-rate="0.0" branch-rate="1.0" complexity="0">
							<lines>
								<line number="15" hits="0" branch="false"/>
							</lines>
						</method>
						<method name="&lt;init&gt;" signature="()V" line-rate="0.0" branch-rate="1.0" complexity="0">
							<lines>
								<line number="22" hits="0" branch="false"/>
								<line number="23" hits="0" branch="false"/>
							</lines>
						</method>
						<method name="compare" signature="(Ljava/lang/Object;Ljava/lang/Object;)I" line-rate="0.0" branch-rate="1.0" complexity="0">
							<lines>
								<line number="13" hits="0" branch="false"/>
							</lines>
						</method>
						<method name="compare" signature="(Llife/qbic/datamodel/printing/IBarcodeBean;Llife/qbic/datamodel/printing/IBarcodeBean;)I" line-rate="0.0" branch-rate="1.0" complexity="0">
							<lines>
								<line number="27" hits="0" branch="false"/>
							</lines>
						</method>
						<method name="getInstance" signature="()Llife/qbic/datamodel/sorters/TopInfoComparator;" line-rate="0.0" branch-rate="1.0" complexity="0">
							<lines>
								<line number="19" hits="0" branch="false"/>
							</lines>
						</method>
					</methods>
					<lines>
						<line number="13" hits="0" branch="false"/>
						<line number="15" hits="0" branch="false"/>
						<line number="19" hits="0" branch="false"/>
						<line number="22" hits="0" branch="false"/>
						<line number="23" hits="0" branch="false"/>
						<line number="27" hits="0" branch="false"/>
					</lines>
				</class>
			</classes>
		</package>
		<package name="life.qbic.datamodel.workflows" line-rate="0.0" branch-rate="0.0" complexity="0.0">
			<classes>
				<class name="life.qbic.datamodel.workflows.MetaData" filename="life/qbic/datamodel/workflows/MetaData.groovy" line-rate="0.0" branch-rate="0.0" complexity="0.0">
					<methods>
						<method name="&lt;init&gt;" signature="()V" line-rate="0.0" branch-rate="1.0" complexity="0">
							<lines>
								<line number="13" hits="0" branch="false"/>
								<line number="14" hits="0" branch="false"/>
							</lines>
						</method>
						<method name="&lt;init&gt;" signature="(Ljava/util/Map;)V" line-rate="0.0" branch-rate="1.0" complexity="0">
							<lines>
								<line number="17" hits="0" branch="false"/>
								<line number="18" hits="0" branch="false"/>
							</lines>
						</method>
						<method name="equals" signature="(Ljava/lang/Object;)Z" line-rate="0.0" branch-rate="0.0" complexity="0">
							<lines>
								<line number="27" hits="0" branch="true" condition-coverage="0% (0/4)">
									<conditions>
										<condition number="0" type="jump" coverage="0%"/>
										<condition number="1" type="jump" coverage="0%"/>
									</conditions>
								</line>
								<line number="28" hits="0" branch="false"/>
								<line number="30" hits="0" branch="false"/>
								<line number="31" hits="0" branch="true" condition-coverage="0% (0/2)">
									<conditions>
										<condition number="0" type="jump" coverage="0%"/>
									</conditions>
								</line>
								<line number="32" hits="0" branch="false"/>
								<line number="33" hits="0" branch="false"/>
								<line number="34" hits="0" branch="true" condition-coverage="0% (0/8)">
									<conditions>
										<condition number="0" type="jump" coverage="0%"/>
										<condition number="1" type="jump" coverage="0%"/>
										<condition number="2" type="jump" coverage="0%"/>
										<condition number="3" type="jump" coverage="0%"/>
									</conditions>
								</line>
								<line number="35" hits="0" branch="false"/>
								<line number="37" hits="0" branch="false"/>
								<line number="38" hits="0" branch="false"/>
								<line number="39" hits="0" branch="false"/>
							</lines>
						</method>
						<method name="getProperty" signature="(Ljava/lang/String;)Ljava/lang/Object;" line-rate="0.0" branch-rate="1.0" complexity="0">
							<lines>
								<line number="22" hits="0" branch="false"/>
								<line number="23" hits="0" branch="false"/>
							</lines>
						</method>
					</methods>
					<lines>
						<line number="13" hits="0" branch="false"/>
						<line number="14" hits="0" branch="false"/>
						<line number="17" hits="0" branch="false"/>
						<line number="18" hits="0" branch="false"/>
						<line number="22" hits="0" branch="false"/>
						<line number="23" hits="0" branch="false"/>
						<line number="27" hits="0" branch="true" condition-coverage="0% (0/4)">
							<conditions>
								<condition number="0" type="jump" coverage="0%"/>
								<condition number="1" type="jump" coverage="0%"/>
							</conditions>
						</line>
						<line number="28" hits="0" branch="false"/>
						<line number="30" hits="0" branch="false"/>
						<line number="31" hits="0" branch="true" condition-coverage="0% (0/2)">
							<conditions>
								<condition number="0" type="jump" coverage="0%"/>
							</conditions>
						</line>
						<line number="32" hits="0" branch="false"/>
						<line number="33" hits="0" branch="false"/>
						<line number="34" hits="0" branch="true" condition-coverage="0% (0/8)">
							<conditions>
								<condition number="0" type="jump" coverage="0%"/>
								<condition number="1" type="jump" coverage="0%"/>
								<condition number="2" type="jump" coverage="0%"/>
								<condition number="3" type="jump" coverage="0%"/>
							</conditions>
						</line>
						<line number="35" hits="0" branch="false"/>
						<line number="37" hits="0" branch="false"/>
						<line number="38" hits="0" branch="false"/>
						<line number="39" hits="0" branch="false"/>
					</lines>
				</class>
				<class name="life.qbic.datamodel.workflows.NextflowEventType" filename="life/qbic/datamodel/workflows/RunInfo.groovy" line-rate="1.0" branch-rate="1.0" complexity="0.0">
					<methods>
					</methods>
					<lines>
					</lines>
				</class>
				<class name="life.qbic.datamodel.workflows.RunInfo" filename="life/qbic/datamodel/workflows/RunInfo.groovy" line-rate="0.0" branch-rate="0.0" complexity="0.0">
					<methods>
						<method name="&lt;init&gt;" signature="()V" line-rate="0.0" branch-rate="1.0" complexity="0">
							<lines>
								<line number="35" hits="0" branch="false"/>
								<line number="36" hits="0" branch="false"/>
								<line number="37" hits="0" branch="false"/>
								<line number="38" hits="0" branch="false"/>
								<line number="39" hits="0" branch="false"/>
								<line number="40" hits="0" branch="false"/>
							</lines>
						</method>
						<method name="&lt;init&gt;" signature="(Ljava/util/Map;)V" line-rate="0.0" branch-rate="0.0" complexity="0">
							<lines>
								<line number="43" hits="0" branch="true" condition-coverage="0% (0/2)">
									<conditions>
										<condition number="0" type="jump" coverage="0%"/>
									</conditions>
								</line>
								<line number="44" hits="0" branch="true" condition-coverage="0% (0/2)">
									<conditions>
										<condition number="0" type="jump" coverage="0%"/>
									</conditions>
								</line>
								<line number="45" hits="0" branch="true" condition-coverage="0% (0/2)">
									<conditions>
										<condition number="0" type="jump" coverage="0%"/>
									</conditions>
								</line>
								<line number="46" hits="0" branch="true" condition-coverage="0% (0/2)">
									<conditions>
										<condition number="0" type="jump" coverage="0%"/>
									</conditions>
								</line>
								<line number="47" hits="0" branch="true" condition-coverage="0% (0/2)">
									<conditions>
										<condition number="0" type="jump" coverage="0%"/>
									</conditions>
								</line>
								<line number="48" hits="0" branch="false"/>
							</lines>
						</method>
						<method name="convertEventStringToEventType" signature="(Ljava/lang/String;)Llife/qbic/datamodel/workflows/NextflowEventType;" line-rate="0.0" branch-rate="1.0" complexity="0">
							<lines>
								<line number="57" hits="0" branch="false"/>
								<line number="58" hits="0" branch="false"/>
								<line number="59" hits="0" branch="false"/>
								<line number="60" hits="0" branch="false"/>
								<line number="61" hits="0" branch="false"/>
								<line number="62" hits="0" branch="false"/>
							</lines>
						</method>
						<method name="convertStringToDate" signature="(Ljava/lang/String;)Ljava/util/Date;" line-rate="0.0" branch-rate="1.0" complexity="0">
							<lines>
								<line number="51" hits="0" branch="false"/>
								<line number="52" hits="0" branch="false"/>
								<line number="53" hits="0" branch="false"/>
							</lines>
						</method>
					</methods>
					<lines>
						<line number="35" hits="0" branch="false"/>
						<line number="36" hits="0" branch="false"/>
						<line number="37" hits="0" branch="false"/>
						<line number="38" hits="0" branch="false"/>
						<line number="39" hits="0" branch="false"/>
						<line number="40" hits="0" branch="false"/>
						<line number="43" hits="0" branch="true" condition-coverage="0% (0/2)">
							<conditions>
								<condition number="0" type="jump" coverage="0%"/>
							</conditions>
						</line>
						<line number="44" hits="0" branch="true" condition-coverage="0% (0/2)">
							<conditions>
								<condition number="0" type="jump" coverage="0%"/>
							</conditions>
						</line>
						<line number="45" hits="0" branch="true" condition-coverage="0% (0/2)">
							<conditions>
								<condition number="0" type="jump" coverage="0%"/>
							</conditions>
						</line>
						<line number="46" hits="0" branch="true" condition-coverage="0% (0/2)">
							<conditions>
								<condition number="0" type="jump" coverage="0%"/>
							</conditions>
						</line>
						<line number="47" hits="0" branch="true" condition-coverage="0% (0/2)">
							<conditions>
								<condition number="0" type="jump" coverage="0%"/>
							</conditions>
						</line>
						<line number="48" hits="0" branch="false"/>
						<line number="51" hits="0" branch="false"/>
						<line number="52" hits="0" branch="false"/>
						<line number="53" hits="0" branch="false"/>
						<line number="57" hits="0" branch="false"/>
						<line number="58" hits="0" branch="false"/>
						<line number="59" hits="0" branch="false"/>
						<line number="60" hits="0" branch="false"/>
						<line number="61" hits="0" branch="false"/>
						<line number="62" hits="0" branch="false"/>
					</lines>
				</class>
				<class name="life.qbic.datamodel.workflows.Trace" filename="life/qbic/datamodel/workflows/Trace.groovy" line-rate="0.0" branch-rate="0.0" complexity="0.0">
					<methods>
						<method name="&lt;init&gt;" signature="()V" line-rate="0.0" branch-rate="1.0" complexity="0">
							<lines>
								<line number="13" hits="0" branch="false"/>
								<line number="14" hits="0" branch="false"/>
							</lines>
						</method>
						<method name="&lt;init&gt;" signature="(Ljava/util/Map;)V" line-rate="0.0" branch-rate="1.0" complexity="0">
							<lines>
								<line number="17" hits="0" branch="false"/>
								<line number="18" hits="0" branch="false"/>
							</lines>
						</method>
						<method name="equals" signature="(Ljava/lang/Object;)Z" line-rate="0.0" branch-rate="0.0" complexity="0">
							<lines>
								<line number="27" hits="0" branch="true" condition-coverage="0% (0/4)">
									<conditions>
										<condition number="0" type="jump" coverage="0%"/>
										<condition number="1" type="jump" coverage="0%"/>
									</conditions>
								</line>
								<line number="28" hits="0" branch="false"/>
								<line number="30" hits="0" branch="false"/>
								<line number="31" hits="0" branch="true" condition-coverage="0% (0/2)">
									<conditions>
										<condition number="0" type="jump" coverage="0%"/>
									</conditions>
								</line>
								<line number="32" hits="0" branch="false"/>
								<line number="33" hits="0" branch="false"/>
								<line number="34" hits="0" branch="true" condition-coverage="0% (0/8)">
									<conditions>
										<condition number="0" type="jump" coverage="0%"/>
										<condition number="1" type="jump" coverage="0%"/>
										<condition number="2" type="jump" coverage="0%"/>
										<condition number="3" type="jump" coverage="0%"/>
									</conditions>
								</line>
								<line number="35" hits="0" branch="false"/>
								<line number="37" hits="0" branch="false"/>
								<line number="38" hits="0" branch="false"/>
								<line number="39" hits="0" branch="false"/>
							</lines>
						</method>
						<method name="getProperty" signature="(Ljava/lang/String;)Ljava/lang/Object;" line-rate="0.0" branch-rate="1.0" complexity="0">
							<lines>
								<line number="22" hits="0" branch="false"/>
								<line number="23" hits="0" branch="false"/>
							</lines>
						</method>
					</methods>
					<lines>
						<line number="13" hits="0" branch="false"/>
						<line number="14" hits="0" branch="false"/>
						<line number="17" hits="0" branch="false"/>
						<line number="18" hits="0" branch="false"/>
						<line number="22" hits="0" branch="false"/>
						<line number="23" hits="0" branch="false"/>
						<line number="27" hits="0" branch="true" condition-coverage="0% (0/4)">
							<conditions>
								<condition number="0" type="jump" coverage="0%"/>
								<condition number="1" type="jump" coverage="0%"/>
							</conditions>
						</line>
						<line number="28" hits="0" branch="false"/>
						<line number="30" hits="0" branch="false"/>
						<line number="31" hits="0" branch="true" condition-coverage="0% (0/2)">
							<conditions>
								<condition number="0" type="jump" coverage="0%"/>
							</conditions>
						</line>
						<line number="32" hits="0" branch="false"/>
						<line number="33" hits="0" branch="false"/>
						<line number="34" hits="0" branch="true" condition-coverage="0% (0/8)">
							<conditions>
								<condition number="0" type="jump" coverage="0%"/>
								<condition number="1" type="jump" coverage="0%"/>
								<condition number="2" type="jump" coverage="0%"/>
								<condition number="3" type="jump" coverage="0%"/>
							</conditions>
						</line>
						<line number="35" hits="0" branch="false"/>
						<line number="37" hits="0" branch="false"/>
						<line number="38" hits="0" branch="false"/>
						<line number="39" hits="0" branch="false"/>
					</lines>
				</class>
			</classes>
		</package>
	</packages>
</coverage>
